<?xml version="1.0" encoding="UTF-8"?>
<!-- Generated by org.testng.reporters.JUnitReportReporter -->
<testsuite skipped="0" hostname="DESKTOP-G072IJM" name="test.TestPOSTRequest" tests="1" failures="0" timestamp="14 Aug 2019 07:25:37 GMT" time="5.751" errors="0">
  <testcase name="testPOSTRequestDetails" time="5.751" classname="test.TestPOSTRequest"/>
</testsuite> <!-- test.TestPOSTRequest -->
