<?xml version="1.0" encoding="UTF-8"?>
<!-- Generated by org.testng.reporters.JUnitReportReporter -->
<testsuite skipped="0" hostname="DESKTOP-G072IJM" name="test.TestGETRequest" tests="1" failures="0" timestamp="14 Aug 2019 07:25:37 GMT" time="8.907" errors="0">
  <testcase name="testGETUserDetails" time="8.907" classname="test.TestGETRequest"/>
</testsuite> <!-- test.TestGETRequest -->
