<?xml version="1.0" encoding="UTF-8"?>
<!-- Generated by org.testng.reporters.JUnitReportReporter -->
<testsuite skipped="0" hostname="DESKTOP-G072IJM" name="test.GetWeatherDetails" tests="1" failures="0" timestamp="12 Aug 2019 18:18:27 GMT" time="7.652" errors="0">
  <testcase name="GETUserDetails" time="7.652" classname="test.GetWeatherDetails"/>
</testsuite> <!-- test.GetWeatherDetails -->
